warning: `VIRTUAL_ENV=/home/vboxuser/Downloads/artemis-tools-3.1.0/venv` does not match the project environment path `.venv` and will be ignored; use `--active` to target the active environment instead
Resolved 213 packages in 1ms
Audited 205 packages in 0.09ms
warning: `VIRTUAL_ENV=/home/vboxuser/Downloads/artemis-tools-3.1.0/venv` does not match the project environment path `.venv` and will be ignored; use `--active` to target the active environment instead
warning: `VIRTUAL_ENV=/home/vboxuser/Downloads/artemis-tools-3.1.0/venv` does not match the project environment path `.venv` and will be ignored; use `--active` to target the active environment instead
Resolved 213 packages in 1ms
Audited 205 packages in 0.09ms
warning: `VIRTUAL_ENV=/home/vboxuser/Downloads/artemis-tools-3.1.0/venv` does not match the project environment path `.venv` and will be ignored; use `--active` to target the active environment instead
warning: `VIRTUAL_ENV=/home/vboxuser/Downloads/artemis-tools-3.1.0/venv` does not match the project environment path `.venv` and will be ignored; use `--active` to target the active environment instead
Resolved 213 packages in 1ms
Audited 205 packages in 0.12ms
warning: `VIRTUAL_ENV=/home/vboxuser/Downloads/artemis-tools-3.1.0/venv` does not match the project environment path `.venv` and will be ignored; use `--active` to target the active environment instead
warning: `VIRTUAL_ENV=/home/vboxuser/Downloads/artemis-tools-3.1.0/venv` does not match the project environment path `.venv` and will be ignored; use `--active` to target the active environment instead
Resolved 213 packages in 2ms
Audited 205 packages in 0.13ms
warning: `VIRTUAL_ENV=/home/vboxuser/Downloads/artemis-tools-3.1.0/venv` does not match the project environment path `.venv` and will be ignored; use `--active` to target the active environment instead
warning: `VIRTUAL_ENV=/home/vboxuser/Downloads/artemis-tools-3.1.0/venv` does not match the project environment path `.venv` and will be ignored; use `--active` to target the active environment instead
Resolved 213 packages in 1ms
Audited 205 packages in 0.09ms
warning: `VIRTUAL_ENV=/home/vboxuser/Downloads/artemis-tools-3.1.0/venv` does not match the project environment path `.venv` and will be ignored; use `--active` to target the active environment instead
warning: `VIRTUAL_ENV=/home/vboxuser/Downloads/artemis-tools-3.1.0/venv` does not match the project environment path `.venv` and will be ignored; use `--active` to target the active environment instead
Resolved 213 packages in 1ms
Audited 205 packages in 0.08ms
warning: `VIRTUAL_ENV=/home/vboxuser/Downloads/artemis-tools-3.1.0/venv` does not match the project environment path `.venv` and will be ignored; use `--active` to target the active environment instead
warning: `VIRTUAL_ENV=/home/vboxuser/Downloads/artemis-tools-3.1.0/venv` does not match the project environment path `.venv` and will be ignored; use `--active` to target the active environment instead
Resolved 213 packages in 1ms
Audited 205 packages in 0.12ms
warning: `VIRTUAL_ENV=/home/vboxuser/Downloads/artemis-tools-3.1.0/venv` does not match the project environment path `.venv` and will be ignored; use `--active` to target the active environment instead
warning: `VIRTUAL_ENV=/home/vboxuser/Downloads/artemis-tools-3.1.0/venv` does not match the project environment path `.venv` and will be ignored; use `--active` to target the active environment instead
Resolved 213 packages in 1ms
Audited 205 packages in 0.09ms
warning: `VIRTUAL_ENV=/home/vboxuser/Downloads/artemis-tools-3.1.0/venv` does not match the project environment path `.venv` and will be ignored; use `--active` to target the active environment instead
	Command being timed: "./eval.sh ulight"
	User time (seconds): 105.45
	System time (seconds): 13.46
	Percent of CPU this job got: 11%
	Elapsed (wall clock) time (h:mm:ss or m:ss): 17:12.38
	Average shared text size (kbytes): 0
	Average unshared data size (kbytes): 0
	Average stack size (kbytes): 0
	Average total size (kbytes): 0
	Maximum resident set size (kbytes): 299572
	Average resident set size (kbytes): 0
	Major (requiring I/O) page faults: 0
	Minor (reclaiming a frame) page faults: 1887754
	Voluntary context switches: 5882
	Involuntary context switches: 15288
	Swaps: 0
	File system inputs: 0
	File system outputs: 3760
	Socket messages sent: 0
	Socket messages received: 0
	Signals delivered: 0
	Page size (bytes): 4096
	Exit status: 0
