	Command being timed: "./final_eval.sh 100 10"
	User time (seconds): 8642.74
	System time (seconds): 1292.30
	Percent of CPU this job got: 19%
	Elapsed (wall clock) time (h:mm:ss or m:ss): 14:30:50
	Average shared text size (kbytes): 0
	Average unshared data size (kbytes): 0
	Average stack size (kbytes): 0
	Average total size (kbytes): 0
	Maximum resident set size (kbytes): 293308
	Average resident set size (kbytes): 0
	Major (requiring I/O) page faults: 0
	Minor (reclaiming a frame) page faults: 159832207
	Voluntary context switches: 365134
	Involuntary context switches: 1346964
	Swaps: 0
	File system inputs: 0
	File system outputs: 350968
	Socket messages sent: 0
	Socket messages received: 0
	Signals delivered: 0
	Page size (bytes): 4096
	Exit status: 0
